<?xml version="1.0" encoding="utf-8"?>
<TestRun id="5398b9fd-4e22-40f9-836f-df920efeff4a" name="@1650dbeaf6d9 2024-08-27 09:12:13" xmlns="http://microsoft.com/schemas/VisualStudio/TeamTest/2010">
  <Times creation="2024-08-27T09:12:13.7581649+00:00" queuing="2024-08-27T09:12:13.7581650+00:00" start="2024-08-27T09:12:00.1454008+00:00" finish="2024-08-27T09:12:13.7673732+00:00" />
  <TestSettings name="default" id="5468ae3d-b569-4469-9476-afda48cd1e08">
    <Deployment runDeploymentRoot="_1650dbeaf6d9_2024-08-27_09_12_13" />
  </TestSettings>
  <Results>
    <UnitTestResult executionId="2bcbff1a-9552-4af5-b81a-3a09f72033d3" testId="7db85ebc-6cb4-8673-4d8a-88527be83322" testName="SeleniumSearch" computerName="1650dbeaf6d9" duration="00:00:12.5992660" startTime="2024-08-27T09:12:01.0265839+00:00" endTime="2024-08-27T09:12:13.6257468+00:00" testType="13cdc9d9-ddb5-4fa4-a97d-d965ccfc6d4b" outcome="Passed" testListId="8c84fa94-04c1-424b-9868-57a2d4851a1d" relativeResultsDirectory="2bcbff1a-9552-4af5-b81a-3a09f72033d3">
      <Output>
        <StdOut>File '../../../playwright/.auth/state.json' already exists.</StdOut>
      </Output>
    </UnitTestResult>
  </Results>
  <TestDefinitions>
    <UnitTest name="SeleniumSearch" storage="/app/bin/debug/net8.0/loginsessionsave.dll" id="7db85ebc-6cb4-8673-4d8a-88527be83322">
      <Execution id="2bcbff1a-9552-4af5-b81a-3a09f72033d3" />
      <TestMethod codeBase="/app/bin/Debug/net8.0/LoginSessionSave.dll" adapterTypeName="executor://nunit3testexecutor/" className="PlaywrightTests.UserSessionSave" name="SeleniumSearch" />
    </UnitTest>
  </TestDefinitions>
  <TestEntries>
    <TestEntry testId="7db85ebc-6cb4-8673-4d8a-88527be83322" executionId="2bcbff1a-9552-4af5-b81a-3a09f72033d3" testListId="8c84fa94-04c1-424b-9868-57a2d4851a1d" />
  </TestEntries>
  <TestLists>
    <TestList name="Results Not in a List" id="8c84fa94-04c1-424b-9868-57a2d4851a1d" />
    <TestList name="All Loaded Results" id="19431567-8539-422a-85d7-44ee4e166bda" />
  </TestLists>
  <ResultSummary outcome="Completed">
    <Counters total="1" executed="1" passed="1" failed="0" error="0" timeout="0" aborted="0" inconclusive="0" passedButRunAborted="0" notRunnable="0" notExecuted="0" disconnected="0" warning="0" completed="0" inProgress="0" pending="0" />
    <Output>
      <StdOut>NUnit Adapter 4.5.0.0: Test execution started
Running all tests in /app/bin/Debug/net8.0/LoginSessionSave.dll
   NUnit3TestExecutor discovered 1 of 1 NUnit test cases using Current Discovery mode, Non-Explicit run
NUnit Adapter 4.5.0.0: Test execution complete
</StdOut>
    </Output>
    <RunInfos>
      <RunInfo computerName="1650dbeaf6d9" outcome="Warning" timestamp="2024-08-27T09:12:13.6428654+00:00">
        <Text>File '../../../playwright/.auth/state.json' already exists.
</Text>
      </RunInfo>
    </RunInfos>
  </ResultSummary>
</TestRun>