<?xml version="1.0" encoding="utf-8"?>
<TestRun id="6f1342c2-6109-4327-b142-4e636efedc16" name="@2d9f58dda51d 2024-08-27 09:33:13" xmlns="http://microsoft.com/schemas/VisualStudio/TeamTest/2010">
  <Times creation="2024-08-27T09:33:13.7448799+00:00" queuing="2024-08-27T09:33:13.7448799+00:00" start="2024-08-27T09:33:07.9664112+00:00" finish="2024-08-27T09:33:13.7521666+00:00" />
  <TestSettings name="default" id="8003d95a-3220-471d-b26f-c0c30bd850f9">
    <Deployment runDeploymentRoot="_2d9f58dda51d_2024-08-27_09_33_13" />
  </TestSettings>
  <Results>
    <UnitTestResult executionId="dbd86a21-ea36-414e-9110-7a315505c176" testId="7db85ebc-6cb4-8673-4d8a-88527be83322" testName="SeleniumSearch" computerName="2d9f58dda51d" duration="00:00:04.6367079" startTime="2024-08-27T09:33:08.9943324+00:00" endTime="2024-08-27T09:33:13.6309658+00:00" testType="13cdc9d9-ddb5-4fa4-a97d-d965ccfc6d4b" outcome="Failed" testListId="8c84fa94-04c1-424b-9868-57a2d4851a1d" relativeResultsDirectory="dbd86a21-ea36-414e-9110-7a315505c176">
      <Output>
        <ErrorInfo>
          <Message>Microsoft.Playwright.PlaywrightException : Executable doesn't exist at /root/.cache/ms-playwright/chromium-1124/chrome-linux/chrome
╔════════════════════════════════════════════════════════════╗
║ Looks like Playwright was just installed or updated.       ║
║ Please run the following command to download new browsers: ║
║                                                            ║
║     pwsh bin/Debug/netX/playwright.ps1 install             ║
║                                                            ║
║ &lt;3 Playwright Team                                         ║
╚════════════════════════════════════════════════════════════╝</Message>
          <StackTrace>   at Microsoft.Playwright.Transport.Connection.InnerSendMessageToServerAsync[T](ChannelOwner object, String method, Dictionary`2 dictionary, Boolean keepNulls) in /_/src/Playwright/Transport/Connection.cs:line 206
   at Microsoft.Playwright.Transport.Connection.WrapApiCallAsync[T](Func`1 action, Boolean isInternal) in /_/src/Playwright/Transport/Connection.cs:line 532
   at Microsoft.Playwright.Core.BrowserType.LaunchAsync(BrowserTypeLaunchOptions options) in /_/src/Playwright/Core/BrowserType.cs:line 56
   at PlaywrightTests.UserSessionSave.LoginSetup() in /app/UserSessionSave.cs:line 18
   at NUnit.Framework.Internal.TaskAwaitAdapter.GenericAdapter`1.BlockUntilCompleted()
   at NUnit.Framework.Internal.MessagePumpStrategy.NoMessagePumpStrategy.WaitForCompletion(AwaitAdapter awaiter)
   at NUnit.Framework.Internal.AsyncToSyncAdapter.Await(Func`1 invoke)
   at NUnit.Framework.Internal.Commands.SetUpTearDownItem.RunSetUpOrTearDownMethod(TestExecutionContext context, IMethodInfo method)
   at NUnit.Framework.Internal.Commands.SetUpTearDownItem.RunSetUp(TestExecutionContext context)
   at NUnit.Framework.Internal.Commands.SetUpTearDownCommand.&lt;&gt;c__DisplayClass0_0.&lt;.ctor&gt;b__0(TestExecutionContext context)
   at NUnit.Framework.Internal.Commands.BeforeAndAfterTestCommand.&lt;&gt;c__DisplayClass1_0.&lt;Execute&gt;b__0()
   at NUnit.Framework.Internal.Commands.DelegatingTestCommand.RunTestMethodInThreadAbortSafeZone(TestExecutionContext context, Action action)
</StackTrace>
        </ErrorInfo>
      </Output>
    </UnitTestResult>
  </Results>
  <TestDefinitions>
    <UnitTest name="SeleniumSearch" storage="/app/bin/debug/net8.0/loginsessionsave.dll" id="7db85ebc-6cb4-8673-4d8a-88527be83322">
      <Execution id="dbd86a21-ea36-414e-9110-7a315505c176" />
      <TestMethod codeBase="/app/bin/Debug/net8.0/LoginSessionSave.dll" adapterTypeName="executor://nunit3testexecutor/" className="PlaywrightTests.UserSessionSave" name="SeleniumSearch" />
    </UnitTest>
  </TestDefinitions>
  <TestEntries>
    <TestEntry testId="7db85ebc-6cb4-8673-4d8a-88527be83322" executionId="dbd86a21-ea36-414e-9110-7a315505c176" testListId="8c84fa94-04c1-424b-9868-57a2d4851a1d" />
  </TestEntries>
  <TestLists>
    <TestList name="Results Not in a List" id="8c84fa94-04c1-424b-9868-57a2d4851a1d" />
    <TestList name="All Loaded Results" id="19431567-8539-422a-85d7-44ee4e166bda" />
  </TestLists>
  <ResultSummary outcome="Failed">
    <Counters total="1" executed="1" passed="0" failed="1" error="0" timeout="0" aborted="0" inconclusive="0" passedButRunAborted="0" notRunnable="0" notExecuted="0" disconnected="0" warning="0" completed="0" inProgress="0" pending="0" />
    <Output>
      <StdOut>NUnit Adapter 4.5.0.0: Test execution started
Running all tests in /app/bin/Debug/net8.0/LoginSessionSave.dll
   NUnit3TestExecutor discovered 1 of 1 NUnit test cases using Current Discovery mode, Non-Explicit run
NUnit Adapter 4.5.0.0: Test execution complete
</StdOut>
    </Output>
  </ResultSummary>
</TestRun>