<?xml version="1.0" encoding="utf-8"?>
<TestRun id="3509d120-02a2-4790-8ca6-a5c0d2005d45" name="@b690492e9b0f 2024-08-27 09:09:50" xmlns="http://microsoft.com/schemas/VisualStudio/TeamTest/2010">
  <Times creation="2024-08-27T09:09:50.0311218+00:00" queuing="2024-08-27T09:09:50.0311219+00:00" start="2024-08-27T09:09:44.4730338+00:00" finish="2024-08-27T09:09:50.0388748+00:00" />
  <TestSettings name="default" id="0e66161a-b733-464f-bed7-7e68db2bf20b">
    <Deployment runDeploymentRoot="_b690492e9b0f_2024-08-27_09_09_50" />
  </TestSettings>
  <Results>
    <UnitTestResult executionId="37251d11-93ef-49ed-9d5a-b8217852168f" testId="7db85ebc-6cb4-8673-4d8a-88527be83322" testName="SeleniumSearch" computerName="b690492e9b0f" duration="00:00:04.4601740" startTime="2024-08-27T09:09:45.4553396+00:00" endTime="2024-08-27T09:09:49.9154184+00:00" testType="13cdc9d9-ddb5-4fa4-a97d-d965ccfc6d4b" outcome="Failed" testListId="8c84fa94-04c1-424b-9868-57a2d4851a1d" relativeResultsDirectory="37251d11-93ef-49ed-9d5a-b8217852168f">
      <Output>
        <ErrorInfo>
          <Message>Microsoft.Playwright.TargetClosedException : Target page, context or browser has been closed
Browser logs:

╔════════════════════════════════════════════════════════════════════════════════════════════════╗
║ Looks like you launched a headed browser without having a XServer running.                     ║
║ Set either 'headless: true' or use 'xvfb-run &lt;your-playwright-app&gt;' before running Playwright. ║
║                                                                                                ║
║ &lt;3 Playwright Team                                                                             ║
╚════════════════════════════════════════════════════════════════════════════════════════════════╝
Call log:
  - &lt;launching&gt; /root/.cache/ms-playwright/chromium-1124/chrome-linux/chrome --disable-field-trial-config --disable-background-networking --enable-features=NetworkService,NetworkServiceInProcess --disable-background-timer-throttling --disable-backgrounding-occluded-windows --disable-back-forward-cache --disable-breakpad --disable-client-side-phishing-detection --disable-component-extensions-with-background-pages --disable-component-update --no-default-browser-check --disable-default-apps --disable-dev-shm-usage --disable-extensions --disable-features=ImprovedCookieControls,LazyFrameLoading,GlobalMediaControls,DestroyProfileOnBrowserClose,MediaRouter,DialMediaRouteProvider,AcceptCHFrame,AutoExpandDetailsElement,CertificateTransparencyComponentUpdater,AvoidUnnecessaryBeforeUnloadCheckSync,Translate,HttpsUpgrades,PaintHolding --allow-pre-commit-input --disable-hang-monitor --disable-ipc-flooding-protection --disable-popup-blocking --disable-prompt-on-repost --disable-renderer-backgrounding --force-color-profile=srgb --metrics-recording-only --no-first-run --enable-automation --password-store=basic --use-mock-keychain --no-service-autorun --export-tagged-pdf --disable-search-engine-choice-screen --unsafely-disable-devtools-self-xss-warnings --no-sandbox --user-data-dir=/tmp/playwright_chromiumdev_profile-XXXXXXTJIEi2 --remote-debugging-pipe --no-startup-window
  - &lt;launched&gt; pid=189
  - [pid=189][err] [189:204:0827/090949.867986:ERROR:bus.cc(407)] Failed to connect to the bus: Failed to connect to socket /run/dbus/system_bus_socket: No such file or directory
  - [pid=189][err] [189:189:0827/090949.885031:ERROR:ozone_platform_x11.cc(244)] Missing X server or $DISPLAY
  - [pid=189][err] [189:189:0827/090949.885070:ERROR:env.cc(258)] The platform failed to initialize.  Exiting.</Message>
          <StackTrace>   at Microsoft.Playwright.Transport.Connection.InnerSendMessageToServerAsync[T](ChannelOwner object, String method, Dictionary`2 dictionary, Boolean keepNulls) in /_/src/Playwright/Transport/Connection.cs:line 206
   at Microsoft.Playwright.Transport.Connection.WrapApiCallAsync[T](Func`1 action, Boolean isInternal) in /_/src/Playwright/Transport/Connection.cs:line 532
   at Microsoft.Playwright.Core.BrowserType.LaunchAsync(BrowserTypeLaunchOptions options) in /_/src/Playwright/Core/BrowserType.cs:line 56
   at PlaywrightTests.UserSessionSave.LoginSetup() in /app/UserSessionSave.cs:line 18
   at NUnit.Framework.Internal.TaskAwaitAdapter.GenericAdapter`1.BlockUntilCompleted()
   at NUnit.Framework.Internal.MessagePumpStrategy.NoMessagePumpStrategy.WaitForCompletion(AwaitAdapter awaiter)
   at NUnit.Framework.Internal.AsyncToSyncAdapter.Await(Func`1 invoke)
   at NUnit.Framework.Internal.Commands.SetUpTearDownItem.RunSetUpOrTearDownMethod(TestExecutionContext context, IMethodInfo method)
   at NUnit.Framework.Internal.Commands.SetUpTearDownItem.RunSetUp(TestExecutionContext context)
   at NUnit.Framework.Internal.Commands.SetUpTearDownCommand.&lt;&gt;c__DisplayClass0_0.&lt;.ctor&gt;b__0(TestExecutionContext context)
   at NUnit.Framework.Internal.Commands.BeforeAndAfterTestCommand.&lt;&gt;c__DisplayClass1_0.&lt;Execute&gt;b__0()
   at NUnit.Framework.Internal.Commands.DelegatingTestCommand.RunTestMethodInThreadAbortSafeZone(TestExecutionContext context, Action action)
</StackTrace>
        </ErrorInfo>
      </Output>
    </UnitTestResult>
  </Results>
  <TestDefinitions>
    <UnitTest name="SeleniumSearch" storage="/app/bin/debug/net8.0/loginsessionsave.dll" id="7db85ebc-6cb4-8673-4d8a-88527be83322">
      <Execution id="37251d11-93ef-49ed-9d5a-b8217852168f" />
      <TestMethod codeBase="/app/bin/Debug/net8.0/LoginSessionSave.dll" adapterTypeName="executor://nunit3testexecutor/" className="PlaywrightTests.UserSessionSave" name="SeleniumSearch" />
    </UnitTest>
  </TestDefinitions>
  <TestEntries>
    <TestEntry testId="7db85ebc-6cb4-8673-4d8a-88527be83322" executionId="37251d11-93ef-49ed-9d5a-b8217852168f" testListId="8c84fa94-04c1-424b-9868-57a2d4851a1d" />
  </TestEntries>
  <TestLists>
    <TestList name="Results Not in a List" id="8c84fa94-04c1-424b-9868-57a2d4851a1d" />
    <TestList name="All Loaded Results" id="19431567-8539-422a-85d7-44ee4e166bda" />
  </TestLists>
  <ResultSummary outcome="Failed">
    <Counters total="1" executed="1" passed="0" failed="1" error="0" timeout="0" aborted="0" inconclusive="0" passedButRunAborted="0" notRunnable="0" notExecuted="0" disconnected="0" warning="0" completed="0" inProgress="0" pending="0" />
    <Output>
      <StdOut>NUnit Adapter 4.5.0.0: Test execution started
Running all tests in /app/bin/Debug/net8.0/LoginSessionSave.dll
   NUnit3TestExecutor discovered 1 of 1 NUnit test cases using Current Discovery mode, Non-Explicit run
NUnit Adapter 4.5.0.0: Test execution complete
</StdOut>
    </Output>
  </ResultSummary>
</TestRun>